<?xml version="1.0" encoding="UTF-8"?>
<<<<<<< HEAD
<testsuite xmlns:xsi="http://www.w3.org/2001/XMLSchema-instance" xsi:noNamespaceSchemaLocation="https://maven.apache.org/surefire/maven-surefire-plugin/xsd/surefire-test-report.xsd" version="3.0.2" name="edu.dosw.lab.testing.TestReto4" time="0.126" tests="5" errors="0" skipped="0" failures="0">
=======
<testsuite xmlns:xsi="http://www.w3.org/2001/XMLSchema-instance" xsi:noNamespaceSchemaLocation="https://maven.apache.org/surefire/maven-surefire-plugin/xsd/surefire-test-report.xsd" version="3.0.2" name="edu.dosw.lab.testing.TestReto4" time="0.124" tests="4" errors="0" skipped="0" failures="0">
>>>>>>> feature/Reto4_PuentesJuan_LopezJulian_TulioRiano-2025-2
  <properties>
    <property name="java.specification.version" value="23"/>
    <property name="sun.cpu.isalist" value="amd64"/>
    <property name="sun.jnu.encoding" value="Cp1252"/>
<<<<<<< HEAD
    <property name="java.class.path" value="C:\Users\RYZEN\Documents\DOSW\Laboratorio-3-DOSW\target\test-classes;C:\Users\RYZEN\Documents\DOSW\Laboratorio-3-DOSW\target\classes;C:\Users\RYZEN\.m2\repository\org\springframework\boot\spring-boot-starter\4.0.0-SNAPSHOT\spring-boot-starter-4.0.0-SNAPSHOT.jar;C:\Users\RYZEN\.m2\repository\org\springframework\boot\spring-boot-starter-logging\4.0.0-SNAPSHOT\spring-boot-starter-logging-4.0.0-SNAPSHOT.jar;C:\Users\RYZEN\.m2\repository\ch\qos\logback\logback-classic\1.5.18\logback-classic-1.5.18.jar;C:\Users\RYZEN\.m2\repository\ch\qos\logback\logback-core\1.5.18\logback-core-1.5.18.jar;C:\Users\RYZEN\.m2\repository\org\apache\logging\log4j\log4j-to-slf4j\2.24.3\log4j-to-slf4j-2.24.3.jar;C:\Users\RYZEN\.m2\repository\org\apache\logging\log4j\log4j-api\2.24.3\log4j-api-2.24.3.jar;C:\Users\RYZEN\.m2\repository\org\slf4j\jul-to-slf4j\2.0.17\jul-to-slf4j-2.0.17.jar;C:\Users\RYZEN\.m2\repository\org\springframework\boot\spring-boot-autoconfigure\4.0.0-SNAPSHOT\spring-boot-autoconfigure-4.0.0-SNAPSHOT.jar;C:\Users\RYZEN\.m2\repository\org\springframework\boot\spring-boot\4.0.0-SNAPSHOT\spring-boot-4.0.0-SNAPSHOT.jar;C:\Users\RYZEN\.m2\repository\org\springframework\spring-context\7.0.0-SNAPSHOT\spring-context-7.0.0-SNAPSHOT.jar;C:\Users\RYZEN\.m2\repository\org\springframework\spring-aop\7.0.0-SNAPSHOT\spring-aop-7.0.0-SNAPSHOT.jar;C:\Users\RYZEN\.m2\repository\org\springframework\spring-beans\7.0.0-SNAPSHOT\spring-beans-7.0.0-SNAPSHOT.jar;C:\Users\RYZEN\.m2\repository\org\springframework\spring-expression\7.0.0-SNAPSHOT\spring-expression-7.0.0-SNAPSHOT.jar;C:\Users\RYZEN\.m2\repository\io\micrometer\micrometer-observation\1.16.0-SNAPSHOT\micrometer-observation-1.16.0-SNAPSHOT.jar;C:\Users\RYZEN\.m2\repository\io\micrometer\micrometer-commons\1.16.0-SNAPSHOT\micrometer-commons-1.16.0-SNAPSHOT.jar;C:\Users\RYZEN\.m2\repository\jakarta\annotation\jakarta.annotation-api\3.0.0\jakarta.annotation-api-3.0.0.jar;C:\Users\RYZEN\.m2\repository\org\yaml\snakeyaml\2.4\snakeyaml-2.4.jar;C:\Users\RYZEN\.m2\repository\org\springframework\boot\spring-boot-starter-test\4.0.0-SNAPSHOT\spring-boot-starter-test-4.0.0-SNAPSHOT.jar;C:\Users\RYZEN\.m2\repository\org\springframework\boot\spring-boot-test\4.0.0-SNAPSHOT\spring-boot-test-4.0.0-SNAPSHOT.jar;C:\Users\RYZEN\.m2\repository\org\springframework\boot\spring-boot-restclient-test\4.0.0-SNAPSHOT\spring-boot-restclient-test-4.0.0-SNAPSHOT.jar;C:\Users\RYZEN\.m2\repository\org\springframework\boot\spring-boot-test-autoconfigure\4.0.0-SNAPSHOT\spring-boot-test-autoconfigure-4.0.0-SNAPSHOT.jar;C:\Users\RYZEN\.m2\repository\org\springframework\boot\spring-boot-web-server-test\4.0.0-SNAPSHOT\spring-boot-web-server-test-4.0.0-SNAPSHOT.jar;C:\Users\RYZEN\.m2\repository\com\jayway\jsonpath\json-path\2.9.0\json-path-2.9.0.jar;C:\Users\RYZEN\.m2\repository\org\slf4j\slf4j-api\2.0.17\slf4j-api-2.0.17.jar;C:\Users\RYZEN\.m2\repository\jakarta\xml\bind\jakarta.xml.bind-api\4.0.2\jakarta.xml.bind-api-4.0.2.jar;C:\Users\RYZEN\.m2\repository\jakarta\activation\jakarta.activation-api\2.1.3\jakarta.activation-api-2.1.3.jar;C:\Users\RYZEN\.m2\repository\net\minidev\json-smart\2.6.0\json-smart-2.6.0.jar;C:\Users\RYZEN\.m2\repository\net\minidev\accessors-smart\2.6.0\accessors-smart-2.6.0.jar;C:\Users\RYZEN\.m2\repository\org\ow2\asm\asm\9.7.1\asm-9.7.1.jar;C:\Users\RYZEN\.m2\repository\org\assertj\assertj-core\3.27.4\assertj-core-3.27.4.jar;C:\Users\RYZEN\.m2\repository\net\bytebuddy\byte-buddy\1.17.7\byte-buddy-1.17.7.jar;C:\Users\RYZEN\.m2\repository\org\awaitility\awaitility\4.3.0\awaitility-4.3.0.jar;C:\Users\RYZEN\.m2\repository\org\hamcrest\hamcrest\3.0\hamcrest-3.0.jar;C:\Users\RYZEN\.m2\repository\org\mockito\mockito-core\5.19.0\mockito-core-5.19.0.jar;C:\Users\RYZEN\.m2\repository\net\bytebuddy\byte-buddy-agent\1.17.7\byte-buddy-agent-1.17.7.jar;C:\Users\RYZEN\.m2\repository\org\objenesis\objenesis\3.3\objenesis-3.3.jar;C:\Users\RYZEN\.m2\repository\org\mockito\mockito-junit-jupiter\5.19.0\mockito-junit-jupiter-5.19.0.jar;C:\Users\RYZEN\.m2\repository\org\skyscreamer\jsonassert\1.5.3\jsonassert-1.5.3.jar;C:\Users\RYZEN\.m2\repository\com\vaadin\external\google\android-json\0.0.20131108.vaadin1\android-json-0.0.20131108.vaadin1.jar;C:\Users\RYZEN\.m2\repository\org\springframework\spring-core\7.0.0-SNAPSHOT\spring-core-7.0.0-SNAPSHOT.jar;C:\Users\RYZEN\.m2\repository\commons-logging\commons-logging\1.3.5\commons-logging-1.3.5.jar;C:\Users\RYZEN\.m2\repository\org\jspecify\jspecify\1.0.0\jspecify-1.0.0.jar;C:\Users\RYZEN\.m2\repository\org\springframework\spring-test\7.0.0-SNAPSHOT\spring-test-7.0.0-SNAPSHOT.jar;C:\Users\RYZEN\.m2\repository\org\xmlunit\xmlunit-core\2.10.3\xmlunit-core-2.10.3.jar;C:\Users\RYZEN\.m2\repository\org\junit\jupiter\junit-jupiter\5.13.4\junit-jupiter-5.13.4.jar;C:\Users\RYZEN\.m2\repository\org\junit\jupiter\junit-jupiter-api\5.13.4\junit-jupiter-api-5.13.4.jar;C:\Users\RYZEN\.m2\repository\org\opentest4j\opentest4j\1.3.0\opentest4j-1.3.0.jar;C:\Users\RYZEN\.m2\repository\org\junit\platform\junit-platform-commons\1.13.4\junit-platform-commons-1.13.4.jar;C:\Users\RYZEN\.m2\repository\org\apiguardian\apiguardian-api\1.1.2\apiguardian-api-1.1.2.jar;C:\Users\RYZEN\.m2\repository\org\junit\jupiter\junit-jupiter-params\5.13.4\junit-jupiter-params-5.13.4.jar;C:\Users\RYZEN\.m2\repository\org\junit\jupiter\junit-jupiter-engine\5.13.4\junit-jupiter-engine-5.13.4.jar;C:\Users\RYZEN\.m2\repository\org\junit\platform\junit-platform-engine\1.13.4\junit-platform-engine-1.13.4.jar;"/>
=======
    <property name="java.class.path" value="C:\Users\sebas\OneDrive\Escritorio\Laboratorio-3-DOSW\target\test-classes;C:\Users\sebas\OneDrive\Escritorio\Laboratorio-3-DOSW\target\classes;C:\Users\sebas\.m2\repository\org\springframework\boot\spring-boot-starter\4.0.0-SNAPSHOT\spring-boot-starter-4.0.0-SNAPSHOT.jar;C:\Users\sebas\.m2\repository\org\springframework\boot\spring-boot-starter-logging\4.0.0-SNAPSHOT\spring-boot-starter-logging-4.0.0-SNAPSHOT.jar;C:\Users\sebas\.m2\repository\ch\qos\logback\logback-classic\1.5.18\logback-classic-1.5.18.jar;C:\Users\sebas\.m2\repository\ch\qos\logback\logback-core\1.5.18\logback-core-1.5.18.jar;C:\Users\sebas\.m2\repository\org\apache\logging\log4j\log4j-to-slf4j\2.24.3\log4j-to-slf4j-2.24.3.jar;C:\Users\sebas\.m2\repository\org\apache\logging\log4j\log4j-api\2.24.3\log4j-api-2.24.3.jar;C:\Users\sebas\.m2\repository\org\slf4j\jul-to-slf4j\2.0.17\jul-to-slf4j-2.0.17.jar;C:\Users\sebas\.m2\repository\org\springframework\boot\spring-boot-autoconfigure\4.0.0-SNAPSHOT\spring-boot-autoconfigure-4.0.0-SNAPSHOT.jar;C:\Users\sebas\.m2\repository\org\springframework\boot\spring-boot\4.0.0-SNAPSHOT\spring-boot-4.0.0-SNAPSHOT.jar;C:\Users\sebas\.m2\repository\org\springframework\spring-context\7.0.0-M8\spring-context-7.0.0-M8.jar;C:\Users\sebas\.m2\repository\org\springframework\spring-aop\7.0.0-M8\spring-aop-7.0.0-M8.jar;C:\Users\sebas\.m2\repository\org\springframework\spring-beans\7.0.0-M8\spring-beans-7.0.0-M8.jar;C:\Users\sebas\.m2\repository\org\springframework\spring-expression\7.0.0-M8\spring-expression-7.0.0-M8.jar;C:\Users\sebas\.m2\repository\io\micrometer\micrometer-observation\1.16.0-M2\micrometer-observation-1.16.0-M2.jar;C:\Users\sebas\.m2\repository\io\micrometer\micrometer-commons\1.16.0-M2\micrometer-commons-1.16.0-M2.jar;C:\Users\sebas\.m2\repository\jakarta\annotation\jakarta.annotation-api\3.0.0\jakarta.annotation-api-3.0.0.jar;C:\Users\sebas\.m2\repository\org\yaml\snakeyaml\2.4\snakeyaml-2.4.jar;C:\Users\sebas\.m2\repository\org\springframework\boot\spring-boot-starter-test\4.0.0-SNAPSHOT\spring-boot-starter-test-4.0.0-SNAPSHOT.jar;C:\Users\sebas\.m2\repository\org\springframework\boot\spring-boot-test\4.0.0-SNAPSHOT\spring-boot-test-4.0.0-SNAPSHOT.jar;C:\Users\sebas\.m2\repository\org\springframework\boot\spring-boot-restclient-test\4.0.0-SNAPSHOT\spring-boot-restclient-test-4.0.0-SNAPSHOT.jar;C:\Users\sebas\.m2\repository\org\springframework\boot\spring-boot-test-autoconfigure\4.0.0-SNAPSHOT\spring-boot-test-autoconfigure-4.0.0-SNAPSHOT.jar;C:\Users\sebas\.m2\repository\org\springframework\boot\spring-boot-web-server-test\4.0.0-SNAPSHOT\spring-boot-web-server-test-4.0.0-SNAPSHOT.jar;C:\Users\sebas\.m2\repository\com\jayway\jsonpath\json-path\2.9.0\json-path-2.9.0.jar;C:\Users\sebas\.m2\repository\org\slf4j\slf4j-api\2.0.17\slf4j-api-2.0.17.jar;C:\Users\sebas\.m2\repository\jakarta\xml\bind\jakarta.xml.bind-api\4.0.2\jakarta.xml.bind-api-4.0.2.jar;C:\Users\sebas\.m2\repository\jakarta\activation\jakarta.activation-api\2.1.3\jakarta.activation-api-2.1.3.jar;C:\Users\sebas\.m2\repository\net\minidev\json-smart\2.6.0\json-smart-2.6.0.jar;C:\Users\sebas\.m2\repository\net\minidev\accessors-smart\2.6.0\accessors-smart-2.6.0.jar;C:\Users\sebas\.m2\repository\org\ow2\asm\asm\9.7.1\asm-9.7.1.jar;C:\Users\sebas\.m2\repository\org\assertj\assertj-core\3.27.4\assertj-core-3.27.4.jar;C:\Users\sebas\.m2\repository\net\bytebuddy\byte-buddy\1.17.7\byte-buddy-1.17.7.jar;C:\Users\sebas\.m2\repository\org\awaitility\awaitility\4.3.0\awaitility-4.3.0.jar;C:\Users\sebas\.m2\repository\org\hamcrest\hamcrest\3.0\hamcrest-3.0.jar;C:\Users\sebas\.m2\repository\org\mockito\mockito-core\5.19.0\mockito-core-5.19.0.jar;C:\Users\sebas\.m2\repository\net\bytebuddy\byte-buddy-agent\1.17.7\byte-buddy-agent-1.17.7.jar;C:\Users\sebas\.m2\repository\org\objenesis\objenesis\3.3\objenesis-3.3.jar;C:\Users\sebas\.m2\repository\org\mockito\mockito-junit-jupiter\5.19.0\mockito-junit-jupiter-5.19.0.jar;C:\Users\sebas\.m2\repository\org\skyscreamer\jsonassert\1.5.3\jsonassert-1.5.3.jar;C:\Users\sebas\.m2\repository\com\vaadin\external\google\android-json\0.0.20131108.vaadin1\android-json-0.0.20131108.vaadin1.jar;C:\Users\sebas\.m2\repository\org\springframework\spring-core\7.0.0-M8\spring-core-7.0.0-M8.jar;C:\Users\sebas\.m2\repository\commons-logging\commons-logging\1.3.5\commons-logging-1.3.5.jar;C:\Users\sebas\.m2\repository\org\jspecify\jspecify\1.0.0\jspecify-1.0.0.jar;C:\Users\sebas\.m2\repository\org\springframework\spring-test\7.0.0-M8\spring-test-7.0.0-M8.jar;C:\Users\sebas\.m2\repository\org\xmlunit\xmlunit-core\2.10.3\xmlunit-core-2.10.3.jar;C:\Users\sebas\.m2\repository\org\junit\jupiter\junit-jupiter\5.13.4\junit-jupiter-5.13.4.jar;C:\Users\sebas\.m2\repository\org\junit\jupiter\junit-jupiter-api\5.13.4\junit-jupiter-api-5.13.4.jar;C:\Users\sebas\.m2\repository\org\opentest4j\opentest4j\1.3.0\opentest4j-1.3.0.jar;C:\Users\sebas\.m2\repository\org\junit\platform\junit-platform-commons\1.13.4\junit-platform-commons-1.13.4.jar;C:\Users\sebas\.m2\repository\org\apiguardian\apiguardian-api\1.1.2\apiguardian-api-1.1.2.jar;C:\Users\sebas\.m2\repository\org\junit\jupiter\junit-jupiter-params\5.13.4\junit-jupiter-params-5.13.4.jar;C:\Users\sebas\.m2\repository\org\junit\jupiter\junit-jupiter-engine\5.13.4\junit-jupiter-engine-5.13.4.jar;C:\Users\sebas\.m2\repository\org\junit\platform\junit-platform-engine\1.13.4\junit-platform-engine-1.13.4.jar;"/>
>>>>>>> feature/Reto4_PuentesJuan_LopezJulian_TulioRiano-2025-2
    <property name="java.vm.vendor" value="Oracle Corporation"/>
    <property name="sun.arch.data.model" value="64"/>
    <property name="user.variant" value=""/>
    <property name="java.vendor.url" value="https://java.oracle.com/"/>
    <property name="user.timezone" value="America/Bogota"/>
    <property name="os.name" value="Windows 11"/>
    <property name="java.vm.specification.version" value="23"/>
    <property name="sun.java.launcher" value="SUN_STANDARD"/>
<<<<<<< HEAD
    <property name="user.country" value="US"/>
    <property name="sun.boot.library.path" value="C:\Program Files\Java\jdk-23\bin"/>
    <property name="sun.java.command" value="C:\Users\RYZEN\AppData\Local\Temp\surefire7109024874864538543\surefirebooter-20250903211359896_3.jar C:\Users\RYZEN\AppData\Local\Temp\surefire7109024874864538543 2025-09-03T21-13-59_745-jvmRun1 surefire-20250903211359896_1tmp surefire_0-20250903211359896_2tmp"/>
    <property name="jdk.debug" value="release"/>
    <property name="surefire.test.class.path" value="C:\Users\RYZEN\Documents\DOSW\Laboratorio-3-DOSW\target\test-classes;C:\Users\RYZEN\Documents\DOSW\Laboratorio-3-DOSW\target\classes;C:\Users\RYZEN\.m2\repository\org\springframework\boot\spring-boot-starter\4.0.0-SNAPSHOT\spring-boot-starter-4.0.0-SNAPSHOT.jar;C:\Users\RYZEN\.m2\repository\org\springframework\boot\spring-boot-starter-logging\4.0.0-SNAPSHOT\spring-boot-starter-logging-4.0.0-SNAPSHOT.jar;C:\Users\RYZEN\.m2\repository\ch\qos\logback\logback-classic\1.5.18\logback-classic-1.5.18.jar;C:\Users\RYZEN\.m2\repository\ch\qos\logback\logback-core\1.5.18\logback-core-1.5.18.jar;C:\Users\RYZEN\.m2\repository\org\apache\logging\log4j\log4j-to-slf4j\2.24.3\log4j-to-slf4j-2.24.3.jar;C:\Users\RYZEN\.m2\repository\org\apache\logging\log4j\log4j-api\2.24.3\log4j-api-2.24.3.jar;C:\Users\RYZEN\.m2\repository\org\slf4j\jul-to-slf4j\2.0.17\jul-to-slf4j-2.0.17.jar;C:\Users\RYZEN\.m2\repository\org\springframework\boot\spring-boot-autoconfigure\4.0.0-SNAPSHOT\spring-boot-autoconfigure-4.0.0-SNAPSHOT.jar;C:\Users\RYZEN\.m2\repository\org\springframework\boot\spring-boot\4.0.0-SNAPSHOT\spring-boot-4.0.0-SNAPSHOT.jar;C:\Users\RYZEN\.m2\repository\org\springframework\spring-context\7.0.0-SNAPSHOT\spring-context-7.0.0-SNAPSHOT.jar;C:\Users\RYZEN\.m2\repository\org\springframework\spring-aop\7.0.0-SNAPSHOT\spring-aop-7.0.0-SNAPSHOT.jar;C:\Users\RYZEN\.m2\repository\org\springframework\spring-beans\7.0.0-SNAPSHOT\spring-beans-7.0.0-SNAPSHOT.jar;C:\Users\RYZEN\.m2\repository\org\springframework\spring-expression\7.0.0-SNAPSHOT\spring-expression-7.0.0-SNAPSHOT.jar;C:\Users\RYZEN\.m2\repository\io\micrometer\micrometer-observation\1.16.0-SNAPSHOT\micrometer-observation-1.16.0-SNAPSHOT.jar;C:\Users\RYZEN\.m2\repository\io\micrometer\micrometer-commons\1.16.0-SNAPSHOT\micrometer-commons-1.16.0-SNAPSHOT.jar;C:\Users\RYZEN\.m2\repository\jakarta\annotation\jakarta.annotation-api\3.0.0\jakarta.annotation-api-3.0.0.jar;C:\Users\RYZEN\.m2\repository\org\yaml\snakeyaml\2.4\snakeyaml-2.4.jar;C:\Users\RYZEN\.m2\repository\org\springframework\boot\spring-boot-starter-test\4.0.0-SNAPSHOT\spring-boot-starter-test-4.0.0-SNAPSHOT.jar;C:\Users\RYZEN\.m2\repository\org\springframework\boot\spring-boot-test\4.0.0-SNAPSHOT\spring-boot-test-4.0.0-SNAPSHOT.jar;C:\Users\RYZEN\.m2\repository\org\springframework\boot\spring-boot-restclient-test\4.0.0-SNAPSHOT\spring-boot-restclient-test-4.0.0-SNAPSHOT.jar;C:\Users\RYZEN\.m2\repository\org\springframework\boot\spring-boot-test-autoconfigure\4.0.0-SNAPSHOT\spring-boot-test-autoconfigure-4.0.0-SNAPSHOT.jar;C:\Users\RYZEN\.m2\repository\org\springframework\boot\spring-boot-web-server-test\4.0.0-SNAPSHOT\spring-boot-web-server-test-4.0.0-SNAPSHOT.jar;C:\Users\RYZEN\.m2\repository\com\jayway\jsonpath\json-path\2.9.0\json-path-2.9.0.jar;C:\Users\RYZEN\.m2\repository\org\slf4j\slf4j-api\2.0.17\slf4j-api-2.0.17.jar;C:\Users\RYZEN\.m2\repository\jakarta\xml\bind\jakarta.xml.bind-api\4.0.2\jakarta.xml.bind-api-4.0.2.jar;C:\Users\RYZEN\.m2\repository\jakarta\activation\jakarta.activation-api\2.1.3\jakarta.activation-api-2.1.3.jar;C:\Users\RYZEN\.m2\repository\net\minidev\json-smart\2.6.0\json-smart-2.6.0.jar;C:\Users\RYZEN\.m2\repository\net\minidev\accessors-smart\2.6.0\accessors-smart-2.6.0.jar;C:\Users\RYZEN\.m2\repository\org\ow2\asm\asm\9.7.1\asm-9.7.1.jar;C:\Users\RYZEN\.m2\repository\org\assertj\assertj-core\3.27.4\assertj-core-3.27.4.jar;C:\Users\RYZEN\.m2\repository\net\bytebuddy\byte-buddy\1.17.7\byte-buddy-1.17.7.jar;C:\Users\RYZEN\.m2\repository\org\awaitility\awaitility\4.3.0\awaitility-4.3.0.jar;C:\Users\RYZEN\.m2\repository\org\hamcrest\hamcrest\3.0\hamcrest-3.0.jar;C:\Users\RYZEN\.m2\repository\org\mockito\mockito-core\5.19.0\mockito-core-5.19.0.jar;C:\Users\RYZEN\.m2\repository\net\bytebuddy\byte-buddy-agent\1.17.7\byte-buddy-agent-1.17.7.jar;C:\Users\RYZEN\.m2\repository\org\objenesis\objenesis\3.3\objenesis-3.3.jar;C:\Users\RYZEN\.m2\repository\org\mockito\mockito-junit-jupiter\5.19.0\mockito-junit-jupiter-5.19.0.jar;C:\Users\RYZEN\.m2\repository\org\skyscreamer\jsonassert\1.5.3\jsonassert-1.5.3.jar;C:\Users\RYZEN\.m2\repository\com\vaadin\external\google\android-json\0.0.20131108.vaadin1\android-json-0.0.20131108.vaadin1.jar;C:\Users\RYZEN\.m2\repository\org\springframework\spring-core\7.0.0-SNAPSHOT\spring-core-7.0.0-SNAPSHOT.jar;C:\Users\RYZEN\.m2\repository\commons-logging\commons-logging\1.3.5\commons-logging-1.3.5.jar;C:\Users\RYZEN\.m2\repository\org\jspecify\jspecify\1.0.0\jspecify-1.0.0.jar;C:\Users\RYZEN\.m2\repository\org\springframework\spring-test\7.0.0-SNAPSHOT\spring-test-7.0.0-SNAPSHOT.jar;C:\Users\RYZEN\.m2\repository\org\xmlunit\xmlunit-core\2.10.3\xmlunit-core-2.10.3.jar;C:\Users\RYZEN\.m2\repository\org\junit\jupiter\junit-jupiter\5.13.4\junit-jupiter-5.13.4.jar;C:\Users\RYZEN\.m2\repository\org\junit\jupiter\junit-jupiter-api\5.13.4\junit-jupiter-api-5.13.4.jar;C:\Users\RYZEN\.m2\repository\org\opentest4j\opentest4j\1.3.0\opentest4j-1.3.0.jar;C:\Users\RYZEN\.m2\repository\org\junit\platform\junit-platform-commons\1.13.4\junit-platform-commons-1.13.4.jar;C:\Users\RYZEN\.m2\repository\org\apiguardian\apiguardian-api\1.1.2\apiguardian-api-1.1.2.jar;C:\Users\RYZEN\.m2\repository\org\junit\jupiter\junit-jupiter-params\5.13.4\junit-jupiter-params-5.13.4.jar;C:\Users\RYZEN\.m2\repository\org\junit\jupiter\junit-jupiter-engine\5.13.4\junit-jupiter-engine-5.13.4.jar;C:\Users\RYZEN\.m2\repository\org\junit\platform\junit-platform-engine\1.13.4\junit-platform-engine-1.13.4.jar;"/>
    <property name="sun.cpu.endian" value="little"/>
    <property name="user.home" value="C:\Users\RYZEN"/>
    <property name="user.language" value="en"/>
    <property name="java.specification.vendor" value="Oracle Corporation"/>
    <property name="java.version.date" value="2024-10-15"/>
    <property name="java.home" value="C:\Program Files\Java\jdk-23"/>
    <property name="file.separator" value="\"/>
    <property name="basedir" value="C:\Users\RYZEN\Documents\DOSW\Laboratorio-3-DOSW"/>
=======
    <property name="user.country" value="CO"/>
    <property name="sun.boot.library.path" value="C:\Program Files\Java\jdk-24\bin"/>
    <property name="sun.java.command" value="C:\Users\sebas\AppData\Local\Temp\surefire1873999861892822936\surefirebooter-20250831205018970_3.jar C:\Users\sebas\AppData\Local\Temp\surefire1873999861892822936 2025-08-31T20-50-18_795-jvmRun1 surefire-20250831205018970_1tmp surefire_0-20250831205018970_2tmp"/>
    <property name="jdk.debug" value="release"/>
    <property name="surefire.test.class.path" value="C:\Users\sebas\OneDrive\Escritorio\Laboratorio-3-DOSW\target\test-classes;C:\Users\sebas\OneDrive\Escritorio\Laboratorio-3-DOSW\target\classes;C:\Users\sebas\.m2\repository\org\springframework\boot\spring-boot-starter\4.0.0-SNAPSHOT\spring-boot-starter-4.0.0-SNAPSHOT.jar;C:\Users\sebas\.m2\repository\org\springframework\boot\spring-boot-starter-logging\4.0.0-SNAPSHOT\spring-boot-starter-logging-4.0.0-SNAPSHOT.jar;C:\Users\sebas\.m2\repository\ch\qos\logback\logback-classic\1.5.18\logback-classic-1.5.18.jar;C:\Users\sebas\.m2\repository\ch\qos\logback\logback-core\1.5.18\logback-core-1.5.18.jar;C:\Users\sebas\.m2\repository\org\apache\logging\log4j\log4j-to-slf4j\2.24.3\log4j-to-slf4j-2.24.3.jar;C:\Users\sebas\.m2\repository\org\apache\logging\log4j\log4j-api\2.24.3\log4j-api-2.24.3.jar;C:\Users\sebas\.m2\repository\org\slf4j\jul-to-slf4j\2.0.17\jul-to-slf4j-2.0.17.jar;C:\Users\sebas\.m2\repository\org\springframework\boot\spring-boot-autoconfigure\4.0.0-SNAPSHOT\spring-boot-autoconfigure-4.0.0-SNAPSHOT.jar;C:\Users\sebas\.m2\repository\org\springframework\boot\spring-boot\4.0.0-SNAPSHOT\spring-boot-4.0.0-SNAPSHOT.jar;C:\Users\sebas\.m2\repository\org\springframework\spring-context\7.0.0-M8\spring-context-7.0.0-M8.jar;C:\Users\sebas\.m2\repository\org\springframework\spring-aop\7.0.0-M8\spring-aop-7.0.0-M8.jar;C:\Users\sebas\.m2\repository\org\springframework\spring-beans\7.0.0-M8\spring-beans-7.0.0-M8.jar;C:\Users\sebas\.m2\repository\org\springframework\spring-expression\7.0.0-M8\spring-expression-7.0.0-M8.jar;C:\Users\sebas\.m2\repository\io\micrometer\micrometer-observation\1.16.0-M2\micrometer-observation-1.16.0-M2.jar;C:\Users\sebas\.m2\repository\io\micrometer\micrometer-commons\1.16.0-M2\micrometer-commons-1.16.0-M2.jar;C:\Users\sebas\.m2\repository\jakarta\annotation\jakarta.annotation-api\3.0.0\jakarta.annotation-api-3.0.0.jar;C:\Users\sebas\.m2\repository\org\yaml\snakeyaml\2.4\snakeyaml-2.4.jar;C:\Users\sebas\.m2\repository\org\springframework\boot\spring-boot-starter-test\4.0.0-SNAPSHOT\spring-boot-starter-test-4.0.0-SNAPSHOT.jar;C:\Users\sebas\.m2\repository\org\springframework\boot\spring-boot-test\4.0.0-SNAPSHOT\spring-boot-test-4.0.0-SNAPSHOT.jar;C:\Users\sebas\.m2\repository\org\springframework\boot\spring-boot-restclient-test\4.0.0-SNAPSHOT\spring-boot-restclient-test-4.0.0-SNAPSHOT.jar;C:\Users\sebas\.m2\repository\org\springframework\boot\spring-boot-test-autoconfigure\4.0.0-SNAPSHOT\spring-boot-test-autoconfigure-4.0.0-SNAPSHOT.jar;C:\Users\sebas\.m2\repository\org\springframework\boot\spring-boot-web-server-test\4.0.0-SNAPSHOT\spring-boot-web-server-test-4.0.0-SNAPSHOT.jar;C:\Users\sebas\.m2\repository\com\jayway\jsonpath\json-path\2.9.0\json-path-2.9.0.jar;C:\Users\sebas\.m2\repository\org\slf4j\slf4j-api\2.0.17\slf4j-api-2.0.17.jar;C:\Users\sebas\.m2\repository\jakarta\xml\bind\jakarta.xml.bind-api\4.0.2\jakarta.xml.bind-api-4.0.2.jar;C:\Users\sebas\.m2\repository\jakarta\activation\jakarta.activation-api\2.1.3\jakarta.activation-api-2.1.3.jar;C:\Users\sebas\.m2\repository\net\minidev\json-smart\2.6.0\json-smart-2.6.0.jar;C:\Users\sebas\.m2\repository\net\minidev\accessors-smart\2.6.0\accessors-smart-2.6.0.jar;C:\Users\sebas\.m2\repository\org\ow2\asm\asm\9.7.1\asm-9.7.1.jar;C:\Users\sebas\.m2\repository\org\assertj\assertj-core\3.27.4\assertj-core-3.27.4.jar;C:\Users\sebas\.m2\repository\net\bytebuddy\byte-buddy\1.17.7\byte-buddy-1.17.7.jar;C:\Users\sebas\.m2\repository\org\awaitility\awaitility\4.3.0\awaitility-4.3.0.jar;C:\Users\sebas\.m2\repository\org\hamcrest\hamcrest\3.0\hamcrest-3.0.jar;C:\Users\sebas\.m2\repository\org\mockito\mockito-core\5.19.0\mockito-core-5.19.0.jar;C:\Users\sebas\.m2\repository\net\bytebuddy\byte-buddy-agent\1.17.7\byte-buddy-agent-1.17.7.jar;C:\Users\sebas\.m2\repository\org\objenesis\objenesis\3.3\objenesis-3.3.jar;C:\Users\sebas\.m2\repository\org\mockito\mockito-junit-jupiter\5.19.0\mockito-junit-jupiter-5.19.0.jar;C:\Users\sebas\.m2\repository\org\skyscreamer\jsonassert\1.5.3\jsonassert-1.5.3.jar;C:\Users\sebas\.m2\repository\com\vaadin\external\google\android-json\0.0.20131108.vaadin1\android-json-0.0.20131108.vaadin1.jar;C:\Users\sebas\.m2\repository\org\springframework\spring-core\7.0.0-M8\spring-core-7.0.0-M8.jar;C:\Users\sebas\.m2\repository\commons-logging\commons-logging\1.3.5\commons-logging-1.3.5.jar;C:\Users\sebas\.m2\repository\org\jspecify\jspecify\1.0.0\jspecify-1.0.0.jar;C:\Users\sebas\.m2\repository\org\springframework\spring-test\7.0.0-M8\spring-test-7.0.0-M8.jar;C:\Users\sebas\.m2\repository\org\xmlunit\xmlunit-core\2.10.3\xmlunit-core-2.10.3.jar;C:\Users\sebas\.m2\repository\org\junit\jupiter\junit-jupiter\5.13.4\junit-jupiter-5.13.4.jar;C:\Users\sebas\.m2\repository\org\junit\jupiter\junit-jupiter-api\5.13.4\junit-jupiter-api-5.13.4.jar;C:\Users\sebas\.m2\repository\org\opentest4j\opentest4j\1.3.0\opentest4j-1.3.0.jar;C:\Users\sebas\.m2\repository\org\junit\platform\junit-platform-commons\1.13.4\junit-platform-commons-1.13.4.jar;C:\Users\sebas\.m2\repository\org\apiguardian\apiguardian-api\1.1.2\apiguardian-api-1.1.2.jar;C:\Users\sebas\.m2\repository\org\junit\jupiter\junit-jupiter-params\5.13.4\junit-jupiter-params-5.13.4.jar;C:\Users\sebas\.m2\repository\org\junit\jupiter\junit-jupiter-engine\5.13.4\junit-jupiter-engine-5.13.4.jar;C:\Users\sebas\.m2\repository\org\junit\platform\junit-platform-engine\1.13.4\junit-platform-engine-1.13.4.jar;"/>
    <property name="sun.cpu.endian" value="little"/>
    <property name="user.home" value="C:\Users\sebas"/>
    <property name="user.language" value="es"/>
    <property name="java.specification.vendor" value="Oracle Corporation"/>
    <property name="java.version.date" value="2025-07-15"/>
    <property name="java.home" value="C:\Program Files\Java\jdk-24"/>
    <property name="file.separator" value="\"/>
    <property name="basedir" value="C:\Users\sebas\OneDrive\Escritorio\Laboratorio-3-DOSW"/>
>>>>>>> feature/Reto4_PuentesJuan_LopezJulian_TulioRiano-2025-2
    <property name="java.vm.compressedOopsMode" value="Zero based"/>
    <property name="line.separator" value="&#10;"/>
    <property name="java.vm.specification.vendor" value="Oracle Corporation"/>
    <property name="java.specification.name" value="Java Platform API Specification"/>
<<<<<<< HEAD
    <property name="surefire.real.class.path" value="C:\Users\RYZEN\AppData\Local\Temp\surefire7109024874864538543\surefirebooter-20250903211359896_3.jar"/>
    <property name="user.script" value=""/>
    <property name="sun.management.compiler" value="HotSpot 64-Bit Tiered Compilers"/>
    <property name="java.runtime.version" value="23.0.1+11-39"/>
    <property name="user.name" value="RYZEN"/>
    <property name="stdout.encoding" value="Cp1252"/>
=======
    <property name="surefire.real.class.path" value="C:\Users\sebas\AppData\Local\Temp\surefire1873999861892822936\surefirebooter-20250831205018970_3.jar"/>
    <property name="user.script" value=""/>
    <property name="sun.management.compiler" value="HotSpot 64-Bit Tiered Compilers"/>
    <property name="java.runtime.version" value="24.0.2+12-54"/>
    <property name="user.name" value="sebas"/>
    <property name="stdout.encoding" value="UTF-8"/>
>>>>>>> feature/Reto4_PuentesJuan_LopezJulian_TulioRiano-2025-2
    <property name="path.separator" value=";"/>
    <property name="os.version" value="10.0"/>
    <property name="java.runtime.name" value="Java(TM) SE Runtime Environment"/>
    <property name="file.encoding" value="UTF-8"/>
    <property name="java.vm.name" value="Java HotSpot(TM) 64-Bit Server VM"/>
<<<<<<< HEAD
    <property name="localRepository" value="C:\Users\RYZEN\.m2\repository"/>
    <property name="java.vendor.url.bug" value="https://bugreport.java.com/bugreport/"/>
    <property name="java.io.tmpdir" value="C:\Users\RYZEN\AppData\Local\Temp\"/>
    <property name="sonar.token" value="squ_0de76584ead9d19abab681b8f9ea8cfd9e95c690"/>
    <property name="java.version" value="23.0.1"/>
    <property name="user.dir" value="C:\Users\RYZEN\Documents\DOSW\Laboratorio-3-DOSW"/>
=======
    <property name="localRepository" value="C:\Users\sebas\.m2\repository"/>
    <property name="java.vendor.url.bug" value="https://bugreport.java.com/bugreport/"/>
    <property name="java.io.tmpdir" value="C:\Users\sebas\AppData\Local\Temp\"/>
    <property name="java.version" value="24.0.2"/>
    <property name="user.dir" value="C:\Users\sebas\OneDrive\Escritorio\Laboratorio-3-DOSW"/>
>>>>>>> feature/Reto4_PuentesJuan_LopezJulian_TulioRiano-2025-2
    <property name="os.arch" value="amd64"/>
    <property name="java.vm.specification.name" value="Java Virtual Machine Specification"/>
    <property name="sun.os.patch.level" value=""/>
    <property name="native.encoding" value="Cp1252"/>
<<<<<<< HEAD
    <property name="java.library.path" value="C:\Program Files\Java\jdk-23\bin;C:\WINDOWS\Sun\Java\bin;C:\WINDOWS\system32;C:\WINDOWS;C:\Program Files (x86)\VMware\VMware Workstation\bin\;C:\Python313\Scripts\;C:\Python313\;C:\Program Files\Common Files\Oracle\Java\javapath;C:\Program Files (x86)\Common Files\Oracle\Java\java8path;C:\Program Files (x86)\Common Files\Oracle\Java\javapath;C:\app\RYZEN\product\21c\dbhomeXE\bin;C:\WINDOWS\system32;C:\WINDOWS;C:\WINDOWS\System32\Wbem;C:\WINDOWS\System32\WindowsPowerShell\v1.0\;C:\WINDOWS\System32\OpenSSH\;C:\Program Files\Git\cmd;C:\Program Files\Java\jdk-23\bin;C:\Program Files\nodejs\;C:\ProgramData\chocolatey\bin;C:\Workspace\apache-maven-3.9.9-bin\apache-maven-3.9.9\bin;C:\msys64\mingw64\bin;;C:\Program Files\Docker\Docker\resources\bin;C:\Users\RYZEN\AppData\Local\Programs\Python\Launcher\;C:\Users\RYZEN\AppData\Local\Microsoft\WindowsApps;C:\Users\RYZEN\AppData\Local\Programs\Microsoft VS Code\bin;C:\Program Files\JetBrains\IntelliJ IDEA 2025.1\bin;C:\Users\RYZEN\AppData\Local\JetBrains\Toolbox\scripts;C:\Users\RYZEN\AppData\Roaming\npm;."/>
=======
    <property name="java.library.path" value="C:\Program Files\Java\jdk-24\bin;C:\WINDOWS\Sun\Java\bin;C:\WINDOWS\system32;C:\WINDOWS;C:\Users\sebas\AppData\Roaming\Code\User\globalStorage\pleiades.java-extension-pack-jdk\gradle\latest\bin;C:\Users\sebas\AppData\Roaming\Code\User\globalStorage\pleiades.java-extension-pack-jdk\maven\latest\bin;C:\Program Files\Java\jdk-24\bin;C:\Program Files (x86)\VMware\VMware Workstation\bin\;C:\Program Files\Common Files\Oracle\Java\javapath;C:\Program Files (x86)\Common Files\Oracle\Java\java8path;C:\Program Files (x86)\Common Files\Oracle\Java\javapath;C:\Program Files\Eclipse Adoptium\jdk-21.0.7.6-hotspot\bin;C:\ProgramData\Oracle\Java\javapath;C:\Windows\system32;C:\Windows;C:\Windows\System32\Wbem;C:\Windows\System32\WindowsPowerShell\v1.0\;C:\Windows\System32\OpenSSH\;C:\Program Files (x86)\NVIDIA Corporation\PhysX\Common;C:\WINDOWS\system32;C:\WINDOWS;C:\WINDOWS\System32\Wbem;C:\WINDOWS\System32\WindowsPowerShell\v1.0\;C:\WINDOWS\System32\OpenSSH\;C:\Program Files\Git\cmd;C:\Program Files\nodejs\;C:\workspace\apache-maven-3.9.10-bin\apache-maven-3.9.10\bin;C:\MinGW\bin;C:\Program Files\NVIDIA Corporation\NVIDIA App\NvDLISR;C:\Program Files\Java\jdk-24\bin;C:\Users\sebas\AppData\Local\Microsoft\WindowsApps;C:\Users\sebas\AppData\Local\Programs\Microsoft VS Code\bin;C:\Users\sebas\AppData\Roaming\npm;c:\Users\sebas\AppData\Roaming\Code\User\globalStorage\github.copilot-chat\debugCommand;."/>
>>>>>>> feature/Reto4_PuentesJuan_LopezJulian_TulioRiano-2025-2
    <property name="java.vm.info" value="mixed mode, sharing"/>
    <property name="stderr.encoding" value="UTF-8"/>
    <property name="java.vendor" value="Oracle Corporation"/>
<<<<<<< HEAD
    <property name="java.vm.version" value="23.0.1+11-39"/>
=======
    <property name="java.vm.version" value="24.0.2+12-54"/>
>>>>>>> feature/Reto4_PuentesJuan_LopezJulian_TulioRiano-2025-2
    <property name="sun.io.unicode.encoding" value="UnicodeLittle"/>
    <property name="java.class.version" value="67.0"/>
  </properties>
<<<<<<< HEAD
  <testcase name="customerShouldDoMovemnt" classname="edu.dosw.lab.testing.TestReto4" time="0.052"/>
  <testcase name="shouldConsult" classname="edu.dosw.lab.testing.TestReto4" time="0.013"/>
  <testcase name="shouldCreateAnAccount" classname="edu.dosw.lab.testing.TestReto4" time="0.002"/>
  <testcase name="shouldValidateAccount" classname="edu.dosw.lab.testing.TestReto4" time="0.004"/>
  <testcase name="shouldDoDeposit" classname="edu.dosw.lab.testing.TestReto4" time="0.001"/>
=======
  <testcase name="shouldConsult" classname="edu.dosw.lab.testing.TestReto4" time="0.064"/>
  <testcase name="shouldCreateAnAccount" classname="edu.dosw.lab.testing.TestReto4" time="0.003"/>
  <testcase name="shouldValidateAccount" classname="edu.dosw.lab.testing.TestReto4" time="0.004"/>
  <testcase name="shouldDoDeposit" classname="edu.dosw.lab.testing.TestReto4" time="0.003">
    <system-out><![CDATA[Hola
]]></system-out>
  </testcase>
>>>>>>> feature/Reto4_PuentesJuan_LopezJulian_TulioRiano-2025-2
</testsuite>